[backblue.gif]
[fade.gif]
[index.html]
[static.parastorage.com/unpkg/core-js-bundle@3.2.1/minified.js]
[static.parastorage.com/unpkg/focus-within-polyfill@5.0.9/dist/focus-within-polyfill.js]
[www.wix.com/favicon.ico]
[prestoncode.wixsite.com/website-2/blog-feed.xml]
[polyfill-fastly.io/v3/polyfill.mind82c.js]
[static.wixstatic.com/media/bf2e5d_5c973477828949a49f6057c693cba8f9_mv2.png/v1/fill/w_123,h_123,al_c,q_85,usm_0.66_1.00_0.01,blur_2,enc_auto/bf2e5d_5c973477828949a49f6057c693cba8f9_mv2.png]
[browser.sentry-cdn.com/6.18.2/bundle.min.js]
[static.parastorage.com/services/wix-thunderbolt/dist/thunderbolt-commons.5af2c640.bundle.min.js]
[static.parastorage.com/services/wix-thunderbolt/dist/main.23f659ed.bundle.min.js]
[static.parastorage.com/services/wix-thunderbolt/dist/main.renderer.1d21f023.bundle.min.js]
[static.parastorage.com/unpkg/lodash@4.17.21/lodash.min.js]
[static.parastorage.com/unpkg/react@18.2.0/umd/react.production.min.js]
[static.parastorage.com/unpkg/react-dom@18.2.0/umd/react-dom.production.min.js]
[prestoncode.wixsite.com/website-2.html]
[static.parastorage.com/services/third-party/fonts/user-site-fonts/fonts/874bbc4a-0091-49f0-93ef-ea4e69c3cc7a.svg]
[static.parastorage.com/services/third-party/fonts/user-site-fonts/fonts/375c70e5-6822-492b-8408-7cd350440af7.svg]
[static.parastorage.com/services/third-party/fonts/user-site-fonts/fonts/b791c850-fde1-48b3-adf0-8998d55b0866.svg]
[static.parastorage.com/services/third-party/fonts/user-site-fonts/fonts/66cac56e-d017-4544-9d0c-f7d978f0c5c2.svg]
[static.parastorage.com/services/third-party/fonts/user-site-fonts/fonts/9c58e9ea-fdea-4b9c-b0f9-0a2157389ed0.svg]
[prestoncode.wixsite.com/index.html]
[static.parastorage.com/services/tag-manager-client/1.827.0/siteTags.bundle.min.js]
[static.parastorage.com/services/wix-perf-measure/1.1095.0/wix-perf-measure.umd.min.js]
[static.parastorage.com/services/wix-thunderbolt/dist/originTrials.41d7301a.bundle.min.js]
[prestoncode.wixsite.com/website-2/robots.1f.delayed]
[prestoncode.wixsite.com/website-2/sitemap.20.delayed]
[prestoncode.wixsite.com/website-2/feed.21.delayed]
[prestoncode.wixsite.com/website-2/${n.22.delayed]
[prestoncode.wixsite.com/website-2/decodeURIComponent(e.23.delayed]
[prestoncode.wixsite.com/website-2/free-pc-games.html]
[prestoncode.wixsite.com/website-2/games.html]
[prestoncode.wixsite.com/website-2/unblockers.html]
[static.parastorage.com/services/communities-blog-ooi/1.1577.0/client-viewer/7577.chunk.min.js]
[static.parastorage.com/services/communities-blog-ooi/1.1577.0/client-viewer/post-list-pro-gallery.chunk.min.js]
[prestoncode.wixsite.com/website-2/blog.html]
[prestoncode.wixsite.com/website-2/apply-for-staff.html]
[prestoncode.wixsite.com/website-2/calculator.html]
[prestoncode.wixsite.com/website-2/switch-emulation-pc-only.html]
[prestoncode.wixsite.com/website-2/wifi-password.html]
[prestoncode.wixsite.com/website-2/suggest-a-game.html]
[prestoncode.wixsite.com/website-2/blank-1.html]
[prestoncode.wixsite.com/sitemap.html]
[prestoncode.wixsite.com/feed.html]
[prestoncode.wixsite.com/${n.html]
[prestoncode.wixsite.com/decodeURIComponent(e.html]
[prestoncode.wixsite.com/website-2/robots.html]
[prestoncode.wixsite.com/website-2/sitemap.html]
[prestoncode.wixsite.com/website-2/feed.html]
[prestoncode.wixsite.com/website-2/${n.html]
[prestoncode.wixsite.com/website-2/decodeURIComponent(e.html]
[prestoncode.wixsite.com/website-2/emulation.html]
[static.parastorage.com/services/communities-blog-ooi/1.1577.0/client-viewer/2347.chunk.min.js]
[static.parastorage.com/services/communities-blog-ooi/1.1577.0/client-viewer/7547.chunk.min.js]
[static.parastorage.com/services/communities-blog-ooi/1.1577.0/client-viewer/373.chunk.min.js]
[static.parastorage.com/services/communities-blog-ooi/1.1577.0/client-viewer/8989.chunk.min.js]
[static.parastorage.com/services/communities-blog-ooi/1.1577.0/client-viewer/5892.chunk.min.js]
[static.parastorage.com/services/communities-blog-ooi/1.1577.0/client-viewer/5851.chunk.min.js]
[static.parastorage.com/services/communities-blog-ooi/1.1577.0/client-viewer/wix-ricos-viewer.chunk.min.js]
[prestoncode.wixsite.com/website-2/post/sitemap.33.delayed]
[prestoncode.wixsite.com/website-2/post/feed.34.delayed]
[prestoncode.wixsite.com/website-2/post/updated-ui.html]
[prestoncode.wixsite.com/website-2/post/update-1-1-6.html]
[prestoncode.wixsite.com/website-2/post/new-employee.html]
[prestoncode.wixsite.com/website-2/post/update-1-1-5.html]
[prestoncode.wixsite.com/website-2/post/robots.html]
[prestoncode.wixsite.com/website-2/post/sitemap.html]
[prestoncode.wixsite.com/website-2/post/feed.html]
[prestoncode.wixsite.com/website-2/post/${n.html]
[prestoncode.wixsite.com/website-2/post/decodeURIComponent(e.html]
[prestoncode.wixsite.com/website-2/post/${n-2.html]
